<?xml version="1.0" encoding="UTF-8"?>
<!-- Generated by org.testng.reporters.JUnitReportReporter -->
<testsuite skipped="0" hostname="KULANDASAMYC" name="LanuchApplication.Execute" tests="2" failures="0" timestamp="13 May 2019 11:52:39 GMT" time="1193.894" errors="0">
  <testcase name="StageExecution" time="570.551" classname="LanuchApplication.Execute"/>
  <testcase name="ProdExecution" time="623.343" classname="LanuchApplication.Execute"/>
</testsuite> <!-- LanuchApplication.Execute -->
