<?xml version="1.0" encoding="UTF-8"?>
<!-- Generated by org.testng.reporters.JUnitReportReporter -->
<testsuite skipped="0" hostname="KULANDASAMYC" name="LanuchApplication.Execute_RD_Only" tests="2" failures="0" timestamp="10 Jan 2019 07:39:53 GMT" time="430.876" errors="0">
  <testcase name="StageExecution" time="171.847" classname="LanuchApplication.Execute_RD_Only"/>
  <testcase name="ProdExecution" time="259.029" classname="LanuchApplication.Execute_RD_Only"/>
</testsuite> <!-- LanuchApplication.Execute_RD_Only -->
