<?xml version="1.0" encoding="UTF-8"?>
<!-- Generated by org.testng.reporters.JUnitReportReporter -->
<testsuite skipped="1" hostname="KULANDASAMYC" name="LanuchApplication.Execute" tests="2" failures="0" timestamp="13 May 2019 10:44:05 GMT" time="173.362" errors="0">
  <testcase name="ProdExecution" time="173.362" classname="LanuchApplication.Execute"/>
  <testcase name="StageExecution" classname="LanuchApplication.Execute">
    <skipped/>
  </testcase> <!-- StageExecution -->
</testsuite> <!-- LanuchApplication.Execute -->
